<?xml version="1.0" encoding="UTF-8"?>
<!-- Generated by org.testng.reporters.JUnitXMLReporter -->
<testsuite hostname="INLH104910" ignored="0" name="Test" tests="10" failures="0" timestamp="2020-05-25T12:12:19 IST" time="0.108" errors="0">
  <testcase name="t1" time="0.007" classname="com.selenium.testngprograms.TC1"/>
  <testcase name="t11" time="0.003" classname="com.selenium.testngprograms.TC1"/>
  <testcase name="t12" time="0.003" classname="com.selenium.testngprograms.TC1"/>
  <testcase name="t2" time="0.001" classname="com.selenium.testngprograms.TC2"/>
  <testcase name="t21" time="0.001" classname="com.selenium.testngprograms.TC2"/>
  <testcase name="t22" time="0.006" classname="com.selenium.testngprograms.TC2"/>
  <testcase name="t3" time="0.001" classname="com.selenium.testngprograms.TC3"/>
  <testcase name="t4" time="0.002" classname="com.selenium.testngprograms.TC4"/>
  <testcase name="t5" time="0.002" classname="com.selenium.testngprograms.TC5"/>
  <testcase name="t6" time="0.002" classname="com.selenium.testngprograms.TC6"/>
</testsuite> <!-- Test -->
