<?xml version="1.0" encoding="UTF-8"?>
<!-- Generated by org.testng.reporters.JUnitXMLReporter -->
<testsuite hostname="INLH104910" ignored="0" name="Test" tests="4" failures="1" timestamp="2020-05-22T11:47:46 IST" time="6.424" errors="0">
  <testcase name="testcase1" time="0.012" classname="com.selenium.testbgprograms.Basictestngprogram"/>
  <testcase name="testcase1" time="0.018" classname="com.selenium.testbgprograms.Testcase1">
    <failure type="java.lang.NullPointerException">
      <![CDATA[java.lang.NullPointerException
at com.selenium.basicprogram.Alerts.alertmethod(Alerts.java:46)
at com.selenium.testbgprograms.Testcase1.testcase1(Testcase1.java:27)
at java.util.ArrayList.forEach(ArrayList.java:1257)
... Removed 27 stack frames]]>
    </failure>
  </testcase> <!-- testcase1 -->
  <testcase name="testcase1" time="0.002" classname="com.selenium.testbgprograms.Testcase2"/>
  <testcase name="testcase1" time="0.002" classname="com.selenium.testbgprograms.Testcase3"/>
</testsuite> <!-- Test -->
