<?xml version="1.0" encoding="UTF-8"?>
<testng-results skipped="0" failed="0" ignored="0" total="1" passed="1">
  <reporter-output>
  </reporter-output>
  <suite name="Default suite" duration-ms="70" started-at="2020-06-13T12:03:31 IST" finished-at="2020-06-13T12:03:31 IST">
    <groups>
    </groups>
    <test name="Default test" duration-ms="70" started-at="2020-06-13T12:03:31 IST" finished-at="2020-06-13T12:03:31 IST">
      <class name="com.selenium.basicprogram.Testcase1">
        <test-method status="PASS" signature="tc3()[pri:0, instance:com.selenium.basicprogram.Testcase1@71d15f18]" name="tc3" duration-ms="17" started-at="2020-06-13T12:03:31 IST" finished-at="2020-06-13T12:03:31 IST">
          <reporter-output>
          </reporter-output>
        </test-method> <!-- tc3 -->
      </class> <!-- com.selenium.basicprogram.Testcase1 -->
    </test> <!-- Default test -->
  </suite> <!-- Default suite -->
</testng-results>
