<?xml version="1.0" encoding="UTF-8"?>
<testng-results skipped="0" failed="0" ignored="0" total="1" passed="1">
  <reporter-output>
  </reporter-output>
  <suite name="Suite" duration-ms="77" started-at="2020-05-26T14:20:45 IST" finished-at="2020-05-26T14:20:45 IST">
    <groups>
    </groups>
    <test name="Test" duration-ms="77" started-at="2020-05-26T14:20:45 IST" finished-at="2020-05-26T14:20:45 IST">
      <class name="com.selenium.testngprograms.TC1">
        <test-method status="PASS" signature="beforeclassm1()[pri:0, instance:com.selenium.testngprograms.TC1@3632be31]" name="beforeclassm1" is-config="true" duration-ms="14" started-at="2020-05-26T14:20:45 IST" finished-at="2020-05-26T14:20:45 IST">
          <reporter-output>
          </reporter-output>
        </test-method> <!-- beforeclassm1 -->
        <test-method status="PASS" signature="beforem1()[pri:0, instance:com.selenium.testngprograms.TC1@3632be31]" name="beforem1" is-config="true" duration-ms="0" started-at="2020-05-26T14:20:45 IST" finished-at="2020-05-26T14:20:45 IST">
          <reporter-output>
          </reporter-output>
        </test-method> <!-- beforem1 -->
        <test-method status="PASS" signature="t1(java.lang.String, java.lang.String, java.lang.String)[pri:0, instance:com.selenium.testngprograms.TC1@3632be31]" name="t1" duration-ms="7" started-at="2020-05-26T14:20:45 IST" finished-at="2020-05-26T14:20:45 IST">
          <params>
            <param index="0">
              <value>
                <![CDATA[Ramesh Ponneri]]>
              </value>
            </param>
            <param index="1">
              <value>
                <![CDATA[Ponneri]]>
              </value>
            </param>
            <param index="2">
              <value>
                <![CDATA[Ramesh]]>
              </value>
            </param>
          </params>
          <reporter-output>
          </reporter-output>
        </test-method> <!-- t1 -->
        <test-method status="PASS" signature="afterm1()[pri:0, instance:com.selenium.testngprograms.TC1@3632be31]" name="afterm1" is-config="true" duration-ms="1" started-at="2020-05-26T14:20:45 IST" finished-at="2020-05-26T14:20:45 IST">
          <reporter-output>
          </reporter-output>
        </test-method> <!-- afterm1 -->
        <test-method status="PASS" signature="afterclassm1()[pri:0, instance:com.selenium.testngprograms.TC1@3632be31]" name="afterclassm1" is-config="true" duration-ms="0" started-at="2020-05-26T14:20:45 IST" finished-at="2020-05-26T14:20:45 IST">
          <reporter-output>
          </reporter-output>
        </test-method> <!-- afterclassm1 -->
      </class> <!-- com.selenium.testngprograms.TC1 -->
    </test> <!-- Test -->
  </suite> <!-- Suite -->
</testng-results>
